<?xml version="1.0" encoding="UTF-8"?>
<testng-results skipped="0" failed="0" total="1" passed="1">
  <reporter-output>
  </reporter-output>
  <suite name="Default suite" duration-ms="46688" started-at="2015-10-25T13:58:33Z" finished-at="2015-10-25T13:59:19Z">
    <groups>
    </groups>
    <test name="Default test" duration-ms="46688" started-at="2015-10-25T13:58:33Z" finished-at="2015-10-25T13:59:19Z">
      <class name="BBC">
        <test-method status="PASS" signature="testBBC()[pri:0, instance:BBC@3da85542]" name="testBBC" duration-ms="46657" started-at="2015-10-25T19:28:33Z" finished-at="2015-10-25T19:29:19Z">
          <reporter-output>
          </reporter-output>
        </test-method> <!-- testBBC -->
      </class> <!-- BBC -->
    </test> <!-- Default test -->
  </suite> <!-- Default suite -->
</testng-results>
